<?xml version="1.0" encoding="UTF-8"?>
<!-- Generated by org.testng.reporters.JUnitReportReporter -->
<testsuite skipped="0" hostname="DESKTOP-69EDN3D" name="Demo_testng.Login_DOM" tests="4" failures="0" timestamp="24 May 2020 03:14:42 GMT" time="0.010" errors="0">
  <testcase name="cactions" time="0.001" classname="Demo_testng.Login_DOM"/>
  <testcase name="dlogout" time="0.000" classname="Demo_testng.Login_DOM"/>
  <testcase name="bhome" time="0.001" classname="Demo_testng.Login_DOM"/>
  <testcase name="alogin" time="0.008" classname="Demo_testng.Login_DOM"/>
</testsuite> <!-- Demo_testng.Login_DOM -->
