<?xml version="1.0" encoding="UTF-8"?>
<!-- Generated by org.testng.reporters.JUnitReportReporter -->
<testsuite skipped="0" hostname="DESKTOP-69EDN3D" name="Demo_testng.Assert_Demo" tests="2" failures="0" timestamp="24 May 2020 03:26:54 GMT" time="0.009" errors="0">
  <testcase name="alogin" time="0.008" classname="Demo_testng.Assert_Demo"/>
  <testcase name="bhomescreen" time="0.001" classname="Demo_testng.Assert_Demo"/>
</testsuite> <!-- Demo_testng.Assert_Demo -->
