<?xml version="1.0" encoding="UTF-8"?>
<!-- Generated by org.testng.reporters.JUnitReportReporter -->
<testsuite skipped="0" hostname="DESKTOP-69EDN3D" name="Demo_testng.Annotations_demo" tests="1" failures="0" timestamp="22 May 2020 12:54:42 GMT" time="0.004" errors="0">
  <testcase name="m5" time="0.004" classname="Demo_testng.Annotations_demo"/>
</testsuite> <!-- Demo_testng.Annotations_demo -->
