<?xml version="1.0" encoding="UTF-8"?>
<!-- Generated by org.testng.reporters.JUnitReportReporter -->
<testsuite skipped="0" hostname="DESKTOP-69EDN3D" name="Demo_testng.TC_home" tests="1" failures="0" timestamp="23 May 2020 22:07:49 GMT" time="0.002" errors="0">
  <testcase name="TC_home_login" time="0.002" classname="Demo_testng.TC_home"/>
</testsuite> <!-- Demo_testng.TC_home -->
