<?xml version="1.0" encoding="UTF-8"?>
<!-- Generated by org.testng.reporters.JUnitReportReporter -->
<testsuite skipped="0" hostname="DESKTOP-69EDN3D" name="Demo_testng.Tekarch_registration" tests="1" failures="0" timestamp="24 May 2020 04:42:38 GMT" time="22.955" errors="0">
  <testcase name="Registration_form" time="22.955" classname="Demo_testng.Tekarch_registration"/>
</testsuite> <!-- Demo_testng.Tekarch_registration -->
