<?xml version="1.0" encoding="UTF-8"?>
<!-- Generated by org.testng.reporters.JUnitReportReporter -->
<testsuite skipped="0" hostname="DESKTOP-69EDN3D" name="Demo_testng.TC_groups1" tests="2" failures="0" timestamp="23 May 2020 22:33:37 GMT" time="0.002" errors="0">
  <testcase name="TC_login1" time="0.001" classname="Demo_testng.TC_groups1"/>
  <testcase name="TC_login" time="0.001" classname="Demo_testng.TC_groups1"/>
</testsuite> <!-- Demo_testng.TC_groups1 -->
