<?xml version="1.0" encoding="UTF-8"?>
<!-- Generated by org.testng.reporters.JUnitReportReporter -->
<testsuite skipped="0" hostname="DESKTOP-69EDN3D" name="Demo_testng.TC_groups" tests="1" failures="0" timestamp="11 Jun 2020 17:10:57 GMT" time="0.004" errors="0">
  <testcase name="TC_home_login" time="0.004" classname="Demo_testng.TC_groups"/>
</testsuite> <!-- Demo_testng.TC_groups -->
